<?xml version="1.0" encoding="UTF-8"?>
<testsuite xmlns:xsi="http://www.w3.org/2001/XMLSchema-instance" xsi:noNamespaceSchemaLocation="https://maven.apache.org/surefire/maven-surefire-plugin/xsd/surefire-test-report-3.0.xsd" version="3.0" name="TestSuite" time="201.12" tests="11" errors="0" skipped="0" failures="0">
  <properties>
[...]
</properties>
  <testcase name="runScenario[&quot;Airport cab services&quot;, &quot;Optional[Airport]&quot;](1)" classname="com.mindtree.runner.TestRunner" time="27.736">
    <system-out><![CDATA[[main] DEBUG Hooks.class  - Opening driver
[main] INFO  Hooks.class  - Driver opened
[main] DEBUG Hooks.class  - Opening URL
[main] INFO  Test1  - Savaari website is displayed
[main] INFO  AirportPage.java  - fromcitydetailsentered
[main] INFO  AirportPage.java  - Date  selected
[main] DEBUG AirportPage.java  - select Pickuptime 
[main] INFO  AirportPage.java  - selectcar
[main] INFO  AirportPage.java  - firstcar
[main] INFO  AirportPage.java  - Price Validated : ? 945
[main] INFO  Hooks.class  - Driver closed
[main] INFO  Hooks.class  - Scenario completed
]]></system-out>
    <system-err><![CDATA[Starting ChromeDriver 96.0.4664.45 (76e4c1bb2ab4671b8beba3444e61c0f17584b2fc-refs/branch-heads/4664@{#947}) on port 19974
Only local connections are allowed.
Please see https://chromedriver.chromium.org/security-considerations for suggestions on keeping ChromeDriver safe.
ChromeDriver was started successfully.
[1642492294.050][WARNING]: This version of ChromeDriver has not been tested with Chrome version 97.
Jan 18, 2022 1:21:34 PM org.openqa.selenium.remote.ProtocolHandshake createSession
INFO: Detected dialect: W3C
]]></system-err>
  </testcase>
  <testcase name="runScenario[&quot;Airport cab services&quot;, &quot;Optional[Airport]&quot;](2)" classname="com.mindtree.runner.TestRunner" time="27.667">
    <system-out><![CDATA[[main] DEBUG Hooks.class  - Opening driver
[main] INFO  Hooks.class  - Driver opened
[main] DEBUG Hooks.class  - Opening URL
[main] INFO  Test1  - Savaari website is displayed
[main] INFO  AirportPage.java  - fromcitydetailsentered
[main] INFO  AirportPage.java  - Date  selected
[main] DEBUG AirportPage.java  - select Pickuptime 
[main] INFO  AirportPage.java  - selectcar
[main] INFO  AirportPage.java  - firstcar
[main] INFO  AirportPage.java  - Price Validated : ? 969
[main] INFO  Hooks.class  - Driver closed
[main] INFO  Hooks.class  - Scenario completed
]]></system-out>
    <system-err><![CDATA[Starting ChromeDriver 96.0.4664.45 (76e4c1bb2ab4671b8beba3444e61c0f17584b2fc-refs/branch-heads/4664@{#947}) on port 40527
Only local connections are allowed.
Please see https://chromedriver.chromium.org/security-considerations for suggestions on keeping ChromeDriver safe.
ChromeDriver was started successfully.
[1642492321.761][WARNING]: This version of ChromeDriver has not been tested with Chrome version 97.
Jan 18, 2022 1:22:01 PM org.openqa.selenium.remote.ProtocolHandshake createSession
INFO: Detected dialect: W3C
]]></system-err>
  </testcase>
  <testcase name="runScenario[&quot;Local cab services&quot;, &quot;Optional[Local path]&quot;](3)" classname="com.mindtree.runner.TestRunner" time="23.67">
    <system-out><![CDATA[[main] DEBUG Hooks.class  - Opening driver
[main] INFO  Hooks.class  - Driver opened
[main] DEBUG Hooks.class  - Opening URL
[main] INFO  localpage.java  - switchtab
[main] INFO  Test2  - Savaari website is displayed
[main] INFO  localpage.java  - cityname
[main] INFO  localpage.java  - date selected
[main] INFO  localpage.java  - time
[main] INFO  localpage.java  - selectbutton
[main] INFO  localpage.java  - selectcar
[main] INFO  localpage.java  - validatedToyota Etios or Equivalent
[main] INFO  Hooks.class  - Driver closed
[main] INFO  Hooks.class  - Scenario completed
]]></system-out>
    <system-err><![CDATA[Starting ChromeDriver 96.0.4664.45 (76e4c1bb2ab4671b8beba3444e61c0f17584b2fc-refs/branch-heads/4664@{#947}) on port 21603
Only local connections are allowed.
Please see https://chromedriver.chromium.org/security-considerations for suggestions on keeping ChromeDriver safe.
ChromeDriver was started successfully.
[1642492348.859][WARNING]: This version of ChromeDriver has not been tested with Chrome version 97.
Jan 18, 2022 1:22:28 PM org.openqa.selenium.remote.ProtocolHandshake createSession
INFO: Detected dialect: W3C
]]></system-err>
  </testcase>
  <testcase name="runScenario[&quot;Validating Text is displayed after filling the fields&quot;, &quot;Optional[Corporate car Rental under services]&quot;](4)" classname="com.mindtree.runner.TestRunner" time="20.981">
    <system-out><![CDATA[[main] DEBUG Hooks.class  - Opening driver
[main] INFO  Hooks.class  - Driver opened
[main] DEBUG Hooks.class  - Opening URL
[main] INFO  Test4  - Savaari website is displayed
[main] INFO  CorporateCarRental.java  - name
[main] INFO  CorporateCarRental.java  - comapny
[main] INFO  CorporateCarRental.java  - email
[main] INFO  CorporateCarRental.java  - Phone no
[main] INFO  CorporateCarRental.java  - Volumn selected
[main] INFO  CorporateCarRental.java  - Submit button clicked
[main] INFO  CorporateCarRental.java  - text validates
[main] INFO  Hooks.class  - Driver closed
[main] INFO  Hooks.class  - Scenario completed
]]></system-out>
    <system-err><![CDATA[Starting ChromeDriver 96.0.4664.45 (76e4c1bb2ab4671b8beba3444e61c0f17584b2fc-refs/branch-heads/4664@{#947}) on port 7681
Only local connections are allowed.
Please see https://chromedriver.chromium.org/security-considerations for suggestions on keeping ChromeDriver safe.
ChromeDriver was started successfully.
[1642492372.525][WARNING]: This version of ChromeDriver has not been tested with Chrome version 97.
Jan 18, 2022 1:22:52 PM org.openqa.selenium.remote.ProtocolHandshake createSession
INFO: Detected dialect: W3C
]]></system-err>
  </testcase>
  <testcase name="runScenario[&quot;Title of homepage validation&quot;, &quot;Optional[Homepage]&quot;](5)" classname="com.mindtree.runner.TestRunner" time="5.207">
    <system-out><![CDATA[[main] DEBUG Hooks.class  - Opening driver
[main] INFO  Hooks.class  - Driver opened
[main] DEBUG Hooks.class  - Opening URL
[main] INFO  Homepage.java  - validatedBook Outstation Cabs, Local & Airport Taxi Service - India's Leading Car Rentals
[main] INFO  Hooks.class  - Driver closed
[main] INFO  Hooks.class  - Scenario completed
]]></system-out>
    <system-err><![CDATA[Starting ChromeDriver 96.0.4664.45 (76e4c1bb2ab4671b8beba3444e61c0f17584b2fc-refs/branch-heads/4664@{#947}) on port 7635
Only local connections are allowed.
Please see https://chromedriver.chromium.org/security-considerations for suggestions on keeping ChromeDriver safe.
ChromeDriver was started successfully.
[1642492393.563][WARNING]: This version of ChromeDriver has not been tested with Chrome version 97.
Jan 18, 2022 1:23:13 PM org.openqa.selenium.remote.ProtocolHandshake createSession
INFO: Detected dialect: W3C
]]></system-err>
  </testcase>
  <testcase name="runScenario[&quot;CEO Validation&quot;, &quot;Optional[Homepage]&quot;](6)" classname="com.mindtree.runner.TestRunner" time="9.584">
    <system-out><![CDATA[[main] DEBUG Hooks.class  - Opening driver
[main] INFO  Hooks.class  - Driver opened
[main] DEBUG Hooks.class  - Opening URL
[main] INFO  Homepage.java  - validatedGaurav Aggarwal
[main] INFO  Hooks.class  - Driver closed
[main] INFO  Hooks.class  - Scenario completed
]]></system-out>
    <system-err><![CDATA[Starting ChromeDriver 96.0.4664.45 (76e4c1bb2ab4671b8beba3444e61c0f17584b2fc-refs/branch-heads/4664@{#947}) on port 34462
Only local connections are allowed.
Please see https://chromedriver.chromium.org/security-considerations for suggestions on keeping ChromeDriver safe.
ChromeDriver was started successfully.
[1642492398.739][WARNING]: This version of ChromeDriver has not been tested with Chrome version 97.
Jan 18, 2022 1:23:18 PM org.openqa.selenium.remote.ProtocolHandshake createSession
INFO: Detected dialect: W3C
]]></system-err>
  </testcase>
  <testcase name="runScenario[&quot;ContactUs&quot;, &quot;Optional[Homepage]&quot;](7)" classname="com.mindtree.runner.TestRunner" time="9.396">
    <system-out><![CDATA[[main] DEBUG Hooks.class  - Opening driver
[main] INFO  Hooks.class  - Driver opened
[main] DEBUG Hooks.class  - Opening URL
[main] INFO  Hooks.class  - Driver closed
[main] INFO  Hooks.class  - Scenario completed
]]></system-out>
    <system-err><![CDATA[Starting ChromeDriver 96.0.4664.45 (76e4c1bb2ab4671b8beba3444e61c0f17584b2fc-refs/branch-heads/4664@{#947}) on port 8150
Only local connections are allowed.
Please see https://chromedriver.chromium.org/security-considerations for suggestions on keeping ChromeDriver safe.
ChromeDriver was started successfully.
[1642492408.294][WARNING]: This version of ChromeDriver has not been tested with Chrome version 97.
Jan 18, 2022 1:23:28 PM org.openqa.selenium.remote.ProtocolHandshake createSession
INFO: Detected dialect: W3C
]]></system-err>
  </testcase>
  <testcase name="runScenario[&quot;Validating the North route&quot;, &quot;Optional[One way cab]&quot;](8)" classname="com.mindtree.runner.TestRunner" time="20.317">
    <system-out><![CDATA[[main] DEBUG Hooks.class  - Opening driver
[main] INFO  Hooks.class  - Driver opened
[main] DEBUG Hooks.class  - Opening URL
[main] INFO  Test3  - Savaari website is displayed
[main] INFO  Hooks.class  - Driver closed
[main] INFO  Hooks.class  - Scenario completed
]]></system-out>
    <system-err><![CDATA[Starting ChromeDriver 96.0.4664.45 (76e4c1bb2ab4671b8beba3444e61c0f17584b2fc-refs/branch-heads/4664@{#947}) on port 19476
Only local connections are allowed.
Please see https://chromedriver.chromium.org/security-considerations for suggestions on keeping ChromeDriver safe.
ChromeDriver was started successfully.
[1642492417.739][WARNING]: This version of ChromeDriver has not been tested with Chrome version 97.
Jan 18, 2022 1:23:37 PM org.openqa.selenium.remote.ProtocolHandshake createSession
INFO: Detected dialect: W3C
]]></system-err>
  </testcase>
  <testcase name="runScenario[&quot;Outstaion cab services&quot;, &quot;Optional[Outsation path]&quot;](9)" classname="com.mindtree.runner.TestRunner" time="23.642">
    <system-out><![CDATA[[main] DEBUG Hooks.class  - Opening driver
[main] INFO  Hooks.class  - Driver opened
[main] DEBUG Hooks.class  - Opening URL
[main] INFO  outstationpageobject.java  - clickedonoutstation
[main] INFO  Test3  - Savaari website is displayed
[main] INFO  outstationpageobject.java  - clickedononeway
[main] INFO  outstationpageobject.java  - cityentered
[main] INFO  outstationpageobject.java  - tocityentered
[main] INFO  outstationpageobject.java  - clickedondate
[main] INFO  outstationpageobject.java  - clickedontime
[main] INFO  outstationpageobject.java  - clickedonselectcar
[main] INFO  outstationpageobject.java  - clickedonfirstcar
[main] INFO  outstationpageobject.java  - validated? 4657
[main] INFO  Hooks.class  - Driver closed
[main] INFO  Hooks.class  - Scenario completed
]]></system-out>
    <system-err><![CDATA[Starting ChromeDriver 96.0.4664.45 (76e4c1bb2ab4671b8beba3444e61c0f17584b2fc-refs/branch-heads/4664@{#947}) on port 49071
Only local connections are allowed.
Please see https://chromedriver.chromium.org/security-considerations for suggestions on keeping ChromeDriver safe.
ChromeDriver was started successfully.
[1642492437.994][WARNING]: This version of ChromeDriver has not been tested with Chrome version 97.
Jan 18, 2022 1:23:58 PM org.openqa.selenium.remote.ProtocolHandshake createSession
INFO: Detected dialect: W3C
]]></system-err>
  </testcase>
  <testcase name="runScenario[&quot;Outstaion cab services&quot;, &quot;Optional[Outsation path]&quot;](10)" classname="com.mindtree.runner.TestRunner" time="25.473">
    <system-out><![CDATA[[main] DEBUG Hooks.class  - Opening driver
[main] INFO  Hooks.class  - Driver opened
[main] DEBUG Hooks.class  - Opening URL
[main] INFO  outstationpageobject.java  - clickedonoutstation
[main] INFO  Test3  - Savaari website is displayed
[main] INFO  outstationpageobject.java  - clickedonroundtrip
[main] INFO  outstationpageobject.java  - cityentered
[main] INFO  outstationpageobject.java  - roundcityname
[main] INFO  outstationpageobject.java  - clickedondate
[main] INFO  outstationpageobject.java  - clickedonreturndate
[main] INFO  outstationpageobject.java  - clickedontime
[main] INFO  outstationpageobject.java  - clickedonselectcar
[main] INFO  outstationpageobject.java  - clickedonfirstcar
[main] INFO  outstationpageobject.java  - validated? 7493
[main] INFO  Hooks.class  - Driver closed
[main] INFO  Hooks.class  - Scenario completed
]]></system-out>
    <system-err><![CDATA[Starting ChromeDriver 96.0.4664.45 (76e4c1bb2ab4671b8beba3444e61c0f17584b2fc-refs/branch-heads/4664@{#947}) on port 19303
Only local connections are allowed.
Please see https://chromedriver.chromium.org/security-considerations for suggestions on keeping ChromeDriver safe.
ChromeDriver was started successfully.
[1642492461.679][WARNING]: This version of ChromeDriver has not been tested with Chrome version 97.
Jan 18, 2022 1:24:21 PM org.openqa.selenium.remote.ProtocolHandshake createSession
INFO: Detected dialect: W3C
]]></system-err>
  </testcase>
  <testcase name="runScenario[&quot;Checking Login&quot;, &quot;Optional[Login Validation]&quot;](11)" classname="com.mindtree.runner.TestRunner" time="6.439">
    <system-out><![CDATA[[main] DEBUG Hooks.class  - Opening driver
[main] INFO  Hooks.class  - Driver opened
[main] DEBUG Hooks.class  - Opening URL
[main] DEBUG LoginPage.java  - Sign in icon is clicked
[main] DEBUG LoginPage.java  - Valid name id is entered
[main] DEBUG LoginPage.java  - Valid Phone number is entered
[main] DEBUG LoginPage.java  - Valid Email id is entered
[main] DEBUG LoginPage.java  - Valid Email id is entered
[main] DEBUG LoginPage.java  - Valid Email id is entered
[main] DEBUG LoginPage.java  - Login is clicked and user lands on homepage
[main] INFO  Hooks.class  - Driver closed
[main] INFO  Hooks.class  - Scenario completed
]]></system-out>
    <system-err><![CDATA[Starting ChromeDriver 96.0.4664.45 (76e4c1bb2ab4671b8beba3444e61c0f17584b2fc-refs/branch-heads/4664@{#947}) on port 29133
Only local connections are allowed.
Please see https://chromedriver.chromium.org/security-considerations for suggestions on keeping ChromeDriver safe.
ChromeDriver was started successfully.
[1642492487.103][WARNING]: This version of ChromeDriver has not been tested with Chrome version 97.
Jan 18, 2022 1:24:47 PM org.openqa.selenium.remote.ProtocolHandshake createSession
INFO: Detected dialect: W3C
]]></system-err>
  </testcase>
</testsuite>